c:\users\piotr\documents\projects\visual studio\neuralnetworks\neuralnetworks\debug\vc141.pdb
c:\users\piotr\documents\projects\visual studio\neuralnetworks\neuralnetworks\debug\vc141.idb
c:\users\piotr\documents\projects\visual studio\neuralnetworks\neuralnetworks\debug\trainer.obj
c:\users\piotr\documents\projects\visual studio\neuralnetworks\neuralnetworks\debug\sigmoid.obj
c:\users\piotr\documents\projects\visual studio\neuralnetworks\neuralnetworks\debug\perceptron.obj
c:\users\piotr\documents\projects\visual studio\neuralnetworks\neuralnetworks\debug\neuron.obj
c:\users\piotr\documents\projects\visual studio\neuralnetworks\neuralnetworks\debug\main.obj
c:\users\piotr\documents\projects\visual studio\neuralnetworks\neuralnetworks\debug\layer.obj
c:\users\piotr\documents\projects\visual studio\neuralnetworks\neuralnetworks\debug\doublegenerator.obj
c:\users\piotr\documents\projects\visual studio\neuralnetworks\neuralnetworks\debug\digitdataset.obj
c:\users\piotr\documents\projects\visual studio\neuralnetworks\neuralnetworks\debug\digit.obj
c:\users\piotr\documents\projects\visual studio\neuralnetworks\neuralnetworks\debug\controller.obj
c:\users\piotr\documents\projects\visual studio\neuralnetworks\gui\bin\debug\neuralnetworks.ilk
c:\users\piotr\documents\projects\visual studio\neuralnetworks\gui\bin\debug\neuralnetworks.dll
c:\users\piotr\documents\projects\visual studio\neuralnetworks\gui\bin\debug\neuralnetworks.pdb
c:\users\piotr\documents\projects\visual studio\neuralnetworks\neuralnetworks\..\gui\bin\debug\neuralnetworks.dll
c:\users\piotr\documents\projects\visual studio\neuralnetworks\neuralnetworks\debug\neuralnetworks.tlog\cl.command.1.tlog
c:\users\piotr\documents\projects\visual studio\neuralnetworks\neuralnetworks\debug\neuralnetworks.tlog\cl.read.1.tlog
c:\users\piotr\documents\projects\visual studio\neuralnetworks\neuralnetworks\debug\neuralnetworks.tlog\cl.write.1.tlog
c:\users\piotr\documents\projects\visual studio\neuralnetworks\neuralnetworks\debug\neuralnetworks.tlog\link.command.1.tlog
c:\users\piotr\documents\projects\visual studio\neuralnetworks\neuralnetworks\debug\neuralnetworks.tlog\link.read.1.tlog
c:\users\piotr\documents\projects\visual studio\neuralnetworks\neuralnetworks\debug\neuralnetworks.tlog\link.write.1.tlog
